JRat:INFO (Aug/08 10:59:49,837) (Thread-2) RuntimeContextImpl - logfile created
JRat:INFO (Aug/08 10:59:49,839) (Thread-2) RuntimeContextImpl - Running JRat version 1-beta1 - built on 20070911
JRat:INFO (Aug/08 10:59:49,839) (Thread-2) CacheMethodHandlerFactory - startup
JRat:INFO (Aug/08 10:59:49,839) (Thread-2) ConfigMethodHandlerFactory - startup
JRat:INFO (Aug/08 10:59:49,839) (Thread-2) ShutdownRegistry - registerShutdownListener Tree Handler Factory
JRat:INFO (Aug/08 10:59:49,844) (Thread-2) CommandletRegistry - register org.shiftone.jrat.provider.tree.command.ResetCommandlet@1343ed0
JRat:INFO (Aug/08 10:59:49,846) (Thread-2) CommandletRegistry - register org.shiftone.jrat.provider.tree.command.WriteOutputCommandlet@13c0b53
JRat:INFO (Aug/08 10:59:49,848) (Thread-2) CommandletRegistry - register org.shiftone.jrat.provider.tree.command.DumpOutputCommandlet@bd6a5f
JRat:INFO (Aug/08 10:59:54,981) (JRat-Shutdown) ShutdownRegistry - shutting down...[Transformer[ASM], FileOutputRegistry[Writer[memory.csv], PrintWriter[jrat.log]], Memory Monitor, Tree Handler Factory]
JRat:INFO (Aug/08 10:59:54,981) (JRat-Shutdown) ShutdownRegistry - shutting down Tree Handler Factory...
JRat:INFO (Aug/08 10:59:54,981) (JRat-Shutdown) TreeMethodHandlerFactory - shutdown...
JRat:INFO (Aug/08 10:59:54,981) (JRat-Shutdown) TreeMethodHandlerFactory - writeOutputFile...
JRat:INFO (Aug/08 10:59:55,009) (JRat-Shutdown) FileOutputFactory - createOutputStream C:\Users\Benjamin\PROGRAMMING\Personal\GithubRepos\DNADesign\DNADesign\build\web\jrat.output\2010-08-08_AM-10-59-49\my_code_tree.jrat
JRat:INFO (Aug/08 10:59:55,009) (JRat-Shutdown) FileOutputFactory - createOutputStream C:\Users\Benjamin\PROGRAMMING\Personal\GithubRepos\DNADesign\DNADesign\build\web\jrat.output\2010-08-08_AM-10-59-49\my_code_tree.jrat
JRat:INFO (Aug/08 10:59:55,016) (JRat-Shutdown) FileOutputRegistry - add OutputStream[my_code_tree.jrat]
JRat:INFO (Aug/08 10:59:55,242) (JRat-Shutdown) FileOutputOutputStream - closing
JRat:INFO (Aug/08 10:59:55,242) (JRat-Shutdown) FileOutputRegistry - remove OutputStream[my_code_tree.jrat]
JRat:INFO (Aug/08 10:59:55,243) (JRat-Shutdown) TreeMethodHandlerFactory - shutdown complete
JRat:INFO (Aug/08 10:59:55,243) (JRat-Shutdown) ShutdownRegistry - shutdown Tree Handler Factory complete.
JRat:INFO (Aug/08 10:59:55,243) (JRat-Shutdown) ShutdownRegistry - shutting down Memory Monitor...
JRat:INFO (Aug/08 10:59:55,858) (Memory Ticker) FileOutputWriter - closing
JRat:INFO (Aug/08 10:59:55,861) (Memory Ticker) FileOutputRegistry - remove Writer[memory.csv]
JRat:INFO (Aug/08 10:59:55,862) (JRat-Shutdown) ShutdownRegistry - shutdown Memory Monitor complete.
JRat:INFO (Aug/08 10:59:55,862) (JRat-Shutdown) ShutdownRegistry - shutting down FileOutputRegistry[PrintWriter[jrat.log]]...
JRat:INFO (Aug/08 10:59:55,862) (JRat-Shutdown) FileOutputRegistry - closeFileOutputs [PrintWriter[jrat.log]]
JRat:INFO (Aug/08 10:59:55,863) (JRat-Shutdown) FileOutputRegistry - closing : PrintWriter[jrat.log]
JRat:INFO (Aug/08 10:59:55,863) (JRat-Shutdown) FileOutputPrintWriter - closing
JRat:INFO (Aug/08 10:59:55,863) (JRat-Shutdown) FileOutputRegistry - remove PrintWriter[jrat.log]
