JRat:INFO (Aug/08 11:07:47,494) (Thread-2) RuntimeContextImpl - logfile created
JRat:INFO (Aug/08 11:07:47,494) (Thread-2) RuntimeContextImpl - Running JRat version 1-beta1 - built on 20070911
JRat:INFO (Aug/08 11:07:47,495) (Thread-2) CacheMethodHandlerFactory - startup
JRat:INFO (Aug/08 11:07:47,495) (Thread-2) ConfigMethodHandlerFactory - startup
JRat:INFO (Aug/08 11:07:47,495) (Thread-2) ShutdownRegistry - registerShutdownListener Tree Handler Factory
JRat:INFO (Aug/08 11:07:47,501) (Thread-2) CommandletRegistry - register org.shiftone.jrat.provider.tree.command.ResetCommandlet@bd6a5f
JRat:INFO (Aug/08 11:07:47,504) (Thread-2) CommandletRegistry - register org.shiftone.jrat.provider.tree.command.WriteOutputCommandlet@16614e7
JRat:INFO (Aug/08 11:07:47,506) (Thread-2) CommandletRegistry - register org.shiftone.jrat.provider.tree.command.DumpOutputCommandlet@979e8b
JRat:INFO (Aug/08 11:07:51,936) (JRat-Shutdown) ShutdownRegistry - shutting down...[Transformer[ASM], FileOutputRegistry[Writer[memory.csv], PrintWriter[jrat.log]], Memory Monitor, Tree Handler Factory]
JRat:INFO (Aug/08 11:07:51,937) (JRat-Shutdown) ShutdownRegistry - shutting down Tree Handler Factory...
JRat:INFO (Aug/08 11:07:51,937) (JRat-Shutdown) TreeMethodHandlerFactory - shutdown...
JRat:INFO (Aug/08 11:07:51,937) (JRat-Shutdown) TreeMethodHandlerFactory - writeOutputFile...
JRat:INFO (Aug/08 11:07:51,972) (JRat-Shutdown) FileOutputFactory - createOutputStream C:\Users\Benjamin\PROGRAMMING\Personal\GithubRepos\DNADesign\DNADesign\build\web\jrat.output\2010-08-08_AM-11-07-47\my_code_tree.jrat
JRat:INFO (Aug/08 11:07:51,972) (JRat-Shutdown) FileOutputFactory - createOutputStream C:\Users\Benjamin\PROGRAMMING\Personal\GithubRepos\DNADesign\DNADesign\build\web\jrat.output\2010-08-08_AM-11-07-47\my_code_tree.jrat
JRat:INFO (Aug/08 11:07:51,983) (JRat-Shutdown) FileOutputRegistry - add OutputStream[my_code_tree.jrat]
JRat:INFO (Aug/08 11:07:52,242) (JRat-Shutdown) FileOutputOutputStream - closing
JRat:INFO (Aug/08 11:07:52,242) (JRat-Shutdown) FileOutputRegistry - remove OutputStream[my_code_tree.jrat]
JRat:INFO (Aug/08 11:07:52,243) (JRat-Shutdown) TreeMethodHandlerFactory - shutdown complete
JRat:INFO (Aug/08 11:07:52,243) (JRat-Shutdown) ShutdownRegistry - shutdown Tree Handler Factory complete.
JRat:INFO (Aug/08 11:07:52,243) (JRat-Shutdown) ShutdownRegistry - shutting down Memory Monitor...
JRat:INFO (Aug/08 11:07:52,506) (Memory Ticker) FileOutputWriter - closing
JRat:INFO (Aug/08 11:07:52,506) (Memory Ticker) FileOutputRegistry - remove Writer[memory.csv]
JRat:INFO (Aug/08 11:07:52,507) (JRat-Shutdown) ShutdownRegistry - shutdown Memory Monitor complete.
JRat:INFO (Aug/08 11:07:52,507) (JRat-Shutdown) ShutdownRegistry - shutting down FileOutputRegistry[PrintWriter[jrat.log]]...
JRat:INFO (Aug/08 11:07:52,507) (JRat-Shutdown) FileOutputRegistry - closeFileOutputs [PrintWriter[jrat.log]]
JRat:INFO (Aug/08 11:07:52,508) (JRat-Shutdown) FileOutputRegistry - closing : PrintWriter[jrat.log]
JRat:INFO (Aug/08 11:07:52,508) (JRat-Shutdown) FileOutputPrintWriter - closing
JRat:INFO (Aug/08 11:07:52,508) (JRat-Shutdown) FileOutputRegistry - remove PrintWriter[jrat.log]
