JRat:INFO (Aug/08 11:08:04,833) (Thread-2) RuntimeContextImpl - logfile created
JRat:INFO (Aug/08 11:08:04,833) (Thread-2) RuntimeContextImpl - Running JRat version 1-beta1 - built on 20070911
JRat:INFO (Aug/08 11:08:04,833) (Thread-2) CacheMethodHandlerFactory - startup
JRat:INFO (Aug/08 11:08:04,834) (Thread-2) ConfigMethodHandlerFactory - startup
JRat:INFO (Aug/08 11:08:04,834) (Thread-2) ShutdownRegistry - registerShutdownListener Tree Handler Factory
JRat:INFO (Aug/08 11:08:04,841) (Thread-2) CommandletRegistry - register org.shiftone.jrat.provider.tree.command.ResetCommandlet@e49dcd
JRat:INFO (Aug/08 11:08:04,845) (Thread-2) CommandletRegistry - register org.shiftone.jrat.provider.tree.command.WriteOutputCommandlet@107f45d
JRat:INFO (Aug/08 11:08:04,849) (Thread-2) CommandletRegistry - register org.shiftone.jrat.provider.tree.command.DumpOutputCommandlet@10b9279
JRat:INFO (Aug/08 11:08:08,682) (JRat-Shutdown) ShutdownRegistry - shutting down...[Transformer[ASM], FileOutputRegistry[Writer[memory.csv], PrintWriter[jrat.log]], Memory Monitor, Tree Handler Factory]
JRat:INFO (Aug/08 11:08:08,682) (JRat-Shutdown) ShutdownRegistry - shutting down Tree Handler Factory...
JRat:INFO (Aug/08 11:08:08,682) (JRat-Shutdown) TreeMethodHandlerFactory - shutdown...
JRat:INFO (Aug/08 11:08:08,682) (JRat-Shutdown) TreeMethodHandlerFactory - writeOutputFile...
JRat:INFO (Aug/08 11:08:08,699) (JRat-Shutdown) FileOutputFactory - createOutputStream C:\Users\Benjamin\PROGRAMMING\Personal\GithubRepos\DNADesign\DNADesign\build\web\jrat.output\2010-08-08_AM-11-08-04\my_code_tree.jrat
JRat:INFO (Aug/08 11:08:08,699) (JRat-Shutdown) FileOutputFactory - createOutputStream C:\Users\Benjamin\PROGRAMMING\Personal\GithubRepos\DNADesign\DNADesign\build\web\jrat.output\2010-08-08_AM-11-08-04\my_code_tree.jrat
JRat:INFO (Aug/08 11:08:08,707) (JRat-Shutdown) FileOutputRegistry - add OutputStream[my_code_tree.jrat]
JRat:INFO (Aug/08 11:08:08,928) (JRat-Shutdown) FileOutputOutputStream - closing
JRat:INFO (Aug/08 11:08:08,928) (JRat-Shutdown) FileOutputRegistry - remove OutputStream[my_code_tree.jrat]
JRat:INFO (Aug/08 11:08:08,929) (JRat-Shutdown) TreeMethodHandlerFactory - shutdown complete
JRat:INFO (Aug/08 11:08:08,929) (JRat-Shutdown) ShutdownRegistry - shutdown Tree Handler Factory complete.
JRat:INFO (Aug/08 11:08:08,929) (JRat-Shutdown) ShutdownRegistry - shutting down Memory Monitor...
JRat:INFO (Aug/08 11:08:09,865) (Memory Ticker) FileOutputWriter - closing
JRat:INFO (Aug/08 11:08:09,865) (Memory Ticker) FileOutputRegistry - remove Writer[memory.csv]
JRat:INFO (Aug/08 11:08:09,866) (JRat-Shutdown) ShutdownRegistry - shutdown Memory Monitor complete.
JRat:INFO (Aug/08 11:08:09,866) (JRat-Shutdown) ShutdownRegistry - shutting down FileOutputRegistry[PrintWriter[jrat.log]]...
JRat:INFO (Aug/08 11:08:09,867) (JRat-Shutdown) FileOutputRegistry - closeFileOutputs [PrintWriter[jrat.log]]
JRat:INFO (Aug/08 11:08:09,867) (JRat-Shutdown) FileOutputRegistry - closing : PrintWriter[jrat.log]
JRat:INFO (Aug/08 11:08:09,867) (JRat-Shutdown) FileOutputPrintWriter - closing
JRat:INFO (Aug/08 11:08:09,867) (JRat-Shutdown) FileOutputRegistry - remove PrintWriter[jrat.log]
